[2022-02-23 14:47:46] local.ERROR: SQLSTATE[HY000] [1049] Unknown database 'immunaization' (SQL: select * from information_schema.tables where table_schema = immunaization and table_name = migrations and table_type = 'BASE TABLE') {"exception":"[object] (Illuminate\\Database\\QueryException(code: 1049): SQLSTATE[HY000] [1049] Unknown database 'immunaization' (SQL: select * from information_schema.tables where table_schema = immunaization and table_name = migrations and table_type = 'BASE TABLE') at /opt/lampp/htdocs/sympleimmunesystem/vendor/laravel/framework/src/Illuminate/Database/Connection.php:712)
[stacktrace]
#0 /opt/lampp/htdocs/sympleimmunesystem/vendor/laravel/framework/src/Illuminate/Database/Connection.php(672): Illuminate\\Database\\Connection->runQueryCallback()
#1 /opt/lampp/htdocs/sympleimmunesystem/vendor/laravel/framework/src/Illuminate/Database/Connection.php(376): Illuminate\\Database\\Connection->run()
#2 /opt/lampp/htdocs/sympleimmunesystem/vendor/laravel/framework/src/Illuminate/Database/Schema/MySqlBuilder.php(44): Illuminate\\Database\\Connection->select()
#3 /opt/lampp/htdocs/sympleimmunesystem/vendor/laravel/framework/src/Illuminate/Database/Migrations/DatabaseMigrationRepository.php(169): Illuminate\\Database\\Schema\\MySqlBuilder->hasTable()
#4 /opt/lampp/htdocs/sympleimmunesystem/vendor/laravel/framework/src/Illuminate/Database/Migrations/Migrator.php(673): Illuminate\\Database\\Migrations\\DatabaseMigrationRepository->repositoryExists()
#5 /opt/lampp/htdocs/sympleimmunesystem/vendor/laravel/framework/src/Illuminate/Database/Console/Migrations/MigrateCommand.php(106): Illuminate\\Database\\Migrations\\Migrator->repositoryExists()
#6 /opt/lampp/htdocs/sympleimmunesystem/vendor/laravel/framework/src/Illuminate/Database/Console/Migrations/MigrateCommand.php(77): Illuminate\\Database\\Console\\Migrations\\MigrateCommand->prepareDatabase()
#7 /opt/lampp/htdocs/sympleimmunesystem/vendor/laravel/framework/src/Illuminate/Database/Migrations/Migrator.php(606): Illuminate\\Database\\Console\\Migrations\\MigrateCommand->Illuminate\\Database\\Console\\Migrations\\{closure}()
#8 /opt/lampp/htdocs/sympleimmunesystem/vendor/laravel/framework/src/Illuminate/Database/Console/Migrations/MigrateCommand.php(94): Illuminate\\Database\\Migrations\\Migrator->usingConnection()
#9 /opt/lampp/htdocs/sympleimmunesystem/vendor/laravel/framework/src/Illuminate/Container/BoundMethod.php(36): Illuminate\\Database\\Console\\Migrations\\MigrateCommand->handle()
#10 /opt/lampp/htdocs/sympleimmunesystem/vendor/laravel/framework/src/Illuminate/Container/Util.php(40): Illuminate\\Container\\BoundMethod::Illuminate\\Container\\{closure}()
#11 /opt/lampp/htdocs/sympleimmunesystem/vendor/laravel/framework/src/Illuminate/Container/BoundMethod.php(93): Illuminate\\Container\\Util::unwrapIfClosure()
#12 /opt/lampp/htdocs/sympleimmunesystem/vendor/laravel/framework/src/Illuminate/Container/BoundMethod.php(37): Illuminate\\Container\\BoundMethod::callBoundMethod()
#13 /opt/lampp/htdocs/sympleimmunesystem/vendor/laravel/framework/src/Illuminate/Container/Container.php(653): Illuminate\\Container\\BoundMethod::call()
#14 /opt/lampp/htdocs/sympleimmunesystem/vendor/laravel/framework/src/Illuminate/Console/Command.php(136): Illuminate\\Container\\Container->call()
#15 /opt/lampp/htdocs/sympleimmunesystem/vendor/symfony/console/Command/Command.php(298): Illuminate\\Console\\Command->execute()
#16 /opt/lampp/htdocs/sympleimmunesystem/vendor/laravel/framework/src/Illuminate/Console/Command.php(121): Symfony\\Component\\Console\\Command\\Command->run()
#17 /opt/lampp/htdocs/sympleimmunesystem/vendor/symfony/console/Application.php(1015): Illuminate\\Console\\Command->run()
#18 /opt/lampp/htdocs/sympleimmunesystem/vendor/symfony/console/Application.php(299): Symfony\\Component\\Console\\Application->doRunCommand()
#19 /opt/lampp/htdocs/sympleimmunesystem/vendor/symfony/console/Application.php(171): Symfony\\Component\\Console\\Application->doRun()
#20 /opt/lampp/htdocs/sympleimmunesystem/vendor/laravel/framework/src/Illuminate/Console/Application.php(94): Symfony\\Component\\Console\\Application->run()
#21 /opt/lampp/htdocs/sympleimmunesystem/vendor/laravel/framework/src/Illuminate/Foundation/Console/Kernel.php(129): Illuminate\\Console\\Application->run()
#22 /opt/lampp/htdocs/sympleimmunesystem/artisan(37): Illuminate\\Foundation\\Console\\Kernel->handle()
#23 {main}

[previous exception] [object] (PDOException(code: 1049): SQLSTATE[HY000] [1049] Unknown database 'immunaization' at /opt/lampp/htdocs/sympleimmunesystem/vendor/laravel/framework/src/Illuminate/Database/Connectors/Connector.php:70)
[stacktrace]
#0 /opt/lampp/htdocs/sympleimmunesystem/vendor/laravel/framework/src/Illuminate/Database/Connectors/Connector.php(70): PDO->__construct()
#1 /opt/lampp/htdocs/sympleimmunesystem/vendor/laravel/framework/src/Illuminate/Database/Connectors/Connector.php(46): Illuminate\\Database\\Connectors\\Connector->createPdoConnection()
#2 /opt/lampp/htdocs/sympleimmunesystem/vendor/laravel/framework/src/Illuminate/Database/Connectors/MySqlConnector.php(24): Illuminate\\Database\\Connectors\\Connector->createConnection()
#3 /opt/lampp/htdocs/sympleimmunesystem/vendor/laravel/framework/src/Illuminate/Database/Connectors/ConnectionFactory.php(184): Illuminate\\Database\\Connectors\\MySqlConnector->connect()
#4 [internal function]: Illuminate\\Database\\Connectors\\ConnectionFactory->Illuminate\\Database\\Connectors\\{closure}()
#5 /opt/lampp/htdocs/sympleimmunesystem/vendor/laravel/framework/src/Illuminate/Database/Connection.php(1062): call_user_func()
#6 /opt/lampp/htdocs/sympleimmunesystem/vendor/laravel/framework/src/Illuminate/Database/Connection.php(1098): Illuminate\\Database\\Connection->getPdo()
#7 /opt/lampp/htdocs/sympleimmunesystem/vendor/laravel/framework/src/Illuminate/Database/Connection.php(442): Illuminate\\Database\\Connection->getReadPdo()
#8 /opt/lampp/htdocs/sympleimmunesystem/vendor/laravel/framework/src/Illuminate/Database/Connection.php(368): Illuminate\\Database\\Connection->getPdoForSelect()
#9 /opt/lampp/htdocs/sympleimmunesystem/vendor/laravel/framework/src/Illuminate/Database/Connection.php(705): Illuminate\\Database\\Connection->Illuminate\\Database\\{closure}()
#10 /opt/lampp/htdocs/sympleimmunesystem/vendor/laravel/framework/src/Illuminate/Database/Connection.php(672): Illuminate\\Database\\Connection->runQueryCallback()
#11 /opt/lampp/htdocs/sympleimmunesystem/vendor/laravel/framework/src/Illuminate/Database/Connection.php(376): Illuminate\\Database\\Connection->run()
#12 /opt/lampp/htdocs/sympleimmunesystem/vendor/laravel/framework/src/Illuminate/Database/Schema/MySqlBuilder.php(44): Illuminate\\Database\\Connection->select()
#13 /opt/lampp/htdocs/sympleimmunesystem/vendor/laravel/framework/src/Illuminate/Database/Migrations/DatabaseMigrationRepository.php(169): Illuminate\\Database\\Schema\\MySqlBuilder->hasTable()
#14 /opt/lampp/htdocs/sympleimmunesystem/vendor/laravel/framework/src/Illuminate/Database/Migrations/Migrator.php(673): Illuminate\\Database\\Migrations\\DatabaseMigrationRepository->repositoryExists()
#15 /opt/lampp/htdocs/sympleimmunesystem/vendor/laravel/framework/src/Illuminate/Database/Console/Migrations/MigrateCommand.php(106): Illuminate\\Database\\Migrations\\Migrator->repositoryExists()
#16 /opt/lampp/htdocs/sympleimmunesystem/vendor/laravel/framework/src/Illuminate/Database/Console/Migrations/MigrateCommand.php(77): Illuminate\\Database\\Console\\Migrations\\MigrateCommand->prepareDatabase()
#17 /opt/lampp/htdocs/sympleimmunesystem/vendor/laravel/framework/src/Illuminate/Database/Migrations/Migrator.php(606): Illuminate\\Database\\Console\\Migrations\\MigrateCommand->Illuminate\\Database\\Console\\Migrations\\{closure}()
#18 /opt/lampp/htdocs/sympleimmunesystem/vendor/laravel/framework/src/Illuminate/Database/Console/Migrations/MigrateCommand.php(94): Illuminate\\Database\\Migrations\\Migrator->usingConnection()
#19 /opt/lampp/htdocs/sympleimmunesystem/vendor/laravel/framework/src/Illuminate/Container/BoundMethod.php(36): Illuminate\\Database\\Console\\Migrations\\MigrateCommand->handle()
#20 /opt/lampp/htdocs/sympleimmunesystem/vendor/laravel/framework/src/Illuminate/Container/Util.php(40): Illuminate\\Container\\BoundMethod::Illuminate\\Container\\{closure}()
#21 /opt/lampp/htdocs/sympleimmunesystem/vendor/laravel/framework/src/Illuminate/Container/BoundMethod.php(93): Illuminate\\Container\\Util::unwrapIfClosure()
#22 /opt/lampp/htdocs/sympleimmunesystem/vendor/laravel/framework/src/Illuminate/Container/BoundMethod.php(37): Illuminate\\Container\\BoundMethod::callBoundMethod()
#23 /opt/lampp/htdocs/sympleimmunesystem/vendor/laravel/framework/src/Illuminate/Container/Container.php(653): Illuminate\\Container\\BoundMethod::call()
#24 /opt/lampp/htdocs/sympleimmunesystem/vendor/laravel/framework/src/Illuminate/Console/Command.php(136): Illuminate\\Container\\Container->call()
#25 /opt/lampp/htdocs/sympleimmunesystem/vendor/symfony/console/Command/Command.php(298): Illuminate\\Console\\Command->execute()
#26 /opt/lampp/htdocs/sympleimmunesystem/vendor/laravel/framework/src/Illuminate/Console/Command.php(121): Symfony\\Component\\Console\\Command\\Command->run()
#27 /opt/lampp/htdocs/sympleimmunesystem/vendor/symfony/console/Application.php(1015): Illuminate\\Console\\Command->run()
#28 /opt/lampp/htdocs/sympleimmunesystem/vendor/symfony/console/Application.php(299): Symfony\\Component\\Console\\Application->doRunCommand()
#29 /opt/lampp/htdocs/sympleimmunesystem/vendor/symfony/console/Application.php(171): Symfony\\Component\\Console\\Application->doRun()
#30 /opt/lampp/htdocs/sympleimmunesystem/vendor/laravel/framework/src/Illuminate/Console/Application.php(94): Symfony\\Component\\Console\\Application->run()
#31 /opt/lampp/htdocs/sympleimmunesystem/vendor/laravel/framework/src/Illuminate/Foundation/Console/Kernel.php(129): Illuminate\\Console\\Application->run()
#32 /opt/lampp/htdocs/sympleimmunesystem/artisan(37): Illuminate\\Foundation\\Console\\Kernel->handle()
#33 {main}
"} 
[2022-02-23 14:48:50] local.ERROR: Method Illuminate\Database\Schema\Blueprint::name does not exist. {"exception":"[object] (BadMethodCallException(code: 0): Method Illuminate\\Database\\Schema\\Blueprint::name does not exist. at /opt/lampp/htdocs/sympleimmunesystem/vendor/laravel/framework/src/Illuminate/Macroable/Traits/Macroable.php:113)
[stacktrace]
#0 /opt/lampp/htdocs/sympleimmunesystem/database/migrations/2022_02_23_143345_create_immunaizations_table.php(19): Illuminate\\Database\\Schema\\Blueprint->__call()
#1 /opt/lampp/htdocs/sympleimmunesystem/vendor/laravel/framework/src/Illuminate/Database/Schema/Builder.php(226): CreateImmunaizationsTable->{closure}()
#2 /opt/lampp/htdocs/sympleimmunesystem/vendor/laravel/framework/src/Illuminate/Support/helpers.php(263): Illuminate\\Database\\Schema\\Builder->Illuminate\\Database\\Schema\\{closure}()
#3 /opt/lampp/htdocs/sympleimmunesystem/vendor/laravel/framework/src/Illuminate/Database/Schema/Builder.php(227): tap()
#4 /opt/lampp/htdocs/sympleimmunesystem/vendor/laravel/framework/src/Illuminate/Support/Facades/Facade.php(261): Illuminate\\Database\\Schema\\Builder->create()
#5 /opt/lampp/htdocs/sympleimmunesystem/database/migrations/2022_02_23_143345_create_immunaizations_table.php(24): Illuminate\\Support\\Facades\\Facade::__callStatic()
#6 /opt/lampp/htdocs/sympleimmunesystem/vendor/laravel/framework/src/Illuminate/Database/Migrations/Migrator.php(472): CreateImmunaizationsTable->up()
#7 /opt/lampp/htdocs/sympleimmunesystem/vendor/laravel/framework/src/Illuminate/Database/Migrations/Migrator.php(394): Illuminate\\Database\\Migrations\\Migrator->runMethod()
#8 /opt/lampp/htdocs/sympleimmunesystem/vendor/laravel/framework/src/Illuminate/Database/Migrations/Migrator.php(403): Illuminate\\Database\\Migrations\\Migrator->Illuminate\\Database\\Migrations\\{closure}()
#9 /opt/lampp/htdocs/sympleimmunesystem/vendor/laravel/framework/src/Illuminate/Database/Migrations/Migrator.php(202): Illuminate\\Database\\Migrations\\Migrator->runMigration()
#10 /opt/lampp/htdocs/sympleimmunesystem/vendor/laravel/framework/src/Illuminate/Database/Migrations/Migrator.php(167): Illuminate\\Database\\Migrations\\Migrator->runUp()
#11 /opt/lampp/htdocs/sympleimmunesystem/vendor/laravel/framework/src/Illuminate/Database/Migrations/Migrator.php(112): Illuminate\\Database\\Migrations\\Migrator->runPending()
#12 /opt/lampp/htdocs/sympleimmunesystem/vendor/laravel/framework/src/Illuminate/Database/Console/Migrations/MigrateCommand.php(85): Illuminate\\Database\\Migrations\\Migrator->run()
#13 /opt/lampp/htdocs/sympleimmunesystem/vendor/laravel/framework/src/Illuminate/Database/Migrations/Migrator.php(606): Illuminate\\Database\\Console\\Migrations\\MigrateCommand->Illuminate\\Database\\Console\\Migrations\\{closure}()
#14 /opt/lampp/htdocs/sympleimmunesystem/vendor/laravel/framework/src/Illuminate/Database/Console/Migrations/MigrateCommand.php(94): Illuminate\\Database\\Migrations\\Migrator->usingConnection()
#15 /opt/lampp/htdocs/sympleimmunesystem/vendor/laravel/framework/src/Illuminate/Container/BoundMethod.php(36): Illuminate\\Database\\Console\\Migrations\\MigrateCommand->handle()
#16 /opt/lampp/htdocs/sympleimmunesystem/vendor/laravel/framework/src/Illuminate/Container/Util.php(40): Illuminate\\Container\\BoundMethod::Illuminate\\Container\\{closure}()
#17 /opt/lampp/htdocs/sympleimmunesystem/vendor/laravel/framework/src/Illuminate/Container/BoundMethod.php(93): Illuminate\\Container\\Util::unwrapIfClosure()
#18 /opt/lampp/htdocs/sympleimmunesystem/vendor/laravel/framework/src/Illuminate/Container/BoundMethod.php(37): Illuminate\\Container\\BoundMethod::callBoundMethod()
#19 /opt/lampp/htdocs/sympleimmunesystem/vendor/laravel/framework/src/Illuminate/Container/Container.php(653): Illuminate\\Container\\BoundMethod::call()
#20 /opt/lampp/htdocs/sympleimmunesystem/vendor/laravel/framework/src/Illuminate/Console/Command.php(136): Illuminate\\Container\\Container->call()
#21 /opt/lampp/htdocs/sympleimmunesystem/vendor/symfony/console/Command/Command.php(298): Illuminate\\Console\\Command->execute()
#22 /opt/lampp/htdocs/sympleimmunesystem/vendor/laravel/framework/src/Illuminate/Console/Command.php(121): Symfony\\Component\\Console\\Command\\Command->run()
#23 /opt/lampp/htdocs/sympleimmunesystem/vendor/symfony/console/Application.php(1015): Illuminate\\Console\\Command->run()
#24 /opt/lampp/htdocs/sympleimmunesystem/vendor/symfony/console/Application.php(299): Symfony\\Component\\Console\\Application->doRunCommand()
#25 /opt/lampp/htdocs/sympleimmunesystem/vendor/symfony/console/Application.php(171): Symfony\\Component\\Console\\Application->doRun()
#26 /opt/lampp/htdocs/sympleimmunesystem/vendor/laravel/framework/src/Illuminate/Console/Application.php(94): Symfony\\Component\\Console\\Application->run()
#27 /opt/lampp/htdocs/sympleimmunesystem/vendor/laravel/framework/src/Illuminate/Foundation/Console/Kernel.php(129): Illuminate\\Console\\Application->run()
#28 /opt/lampp/htdocs/sympleimmunesystem/artisan(37): Illuminate\\Foundation\\Console\\Kernel->handle()
#29 {main}
"} 
[2022-02-23 14:51:21] local.ERROR: Method Illuminate\Database\Schema\Blueprint::name does not exist. {"exception":"[object] (BadMethodCallException(code: 0): Method Illuminate\\Database\\Schema\\Blueprint::name does not exist. at /opt/lampp/htdocs/sympleimmunesystem/vendor/laravel/framework/src/Illuminate/Macroable/Traits/Macroable.php:113)
[stacktrace]
#0 /opt/lampp/htdocs/sympleimmunesystem/database/migrations/2022_02_23_143345_create_immunaizations_table.php(19): Illuminate\\Database\\Schema\\Blueprint->__call()
#1 /opt/lampp/htdocs/sympleimmunesystem/vendor/laravel/framework/src/Illuminate/Database/Schema/Builder.php(226): CreateImmunaizationsTable->{closure}()
#2 /opt/lampp/htdocs/sympleimmunesystem/vendor/laravel/framework/src/Illuminate/Support/helpers.php(263): Illuminate\\Database\\Schema\\Builder->Illuminate\\Database\\Schema\\{closure}()
#3 /opt/lampp/htdocs/sympleimmunesystem/vendor/laravel/framework/src/Illuminate/Database/Schema/Builder.php(227): tap()
#4 /opt/lampp/htdocs/sympleimmunesystem/vendor/laravel/framework/src/Illuminate/Support/Facades/Facade.php(261): Illuminate\\Database\\Schema\\Builder->create()
#5 /opt/lampp/htdocs/sympleimmunesystem/database/migrations/2022_02_23_143345_create_immunaizations_table.php(24): Illuminate\\Support\\Facades\\Facade::__callStatic()
#6 /opt/lampp/htdocs/sympleimmunesystem/vendor/laravel/framework/src/Illuminate/Database/Migrations/Migrator.php(472): CreateImmunaizationsTable->up()
#7 /opt/lampp/htdocs/sympleimmunesystem/vendor/laravel/framework/src/Illuminate/Database/Migrations/Migrator.php(394): Illuminate\\Database\\Migrations\\Migrator->runMethod()
#8 /opt/lampp/htdocs/sympleimmunesystem/vendor/laravel/framework/src/Illuminate/Database/Migrations/Migrator.php(403): Illuminate\\Database\\Migrations\\Migrator->Illuminate\\Database\\Migrations\\{closure}()
#9 /opt/lampp/htdocs/sympleimmunesystem/vendor/laravel/framework/src/Illuminate/Database/Migrations/Migrator.php(202): Illuminate\\Database\\Migrations\\Migrator->runMigration()
#10 /opt/lampp/htdocs/sympleimmunesystem/vendor/laravel/framework/src/Illuminate/Database/Migrations/Migrator.php(167): Illuminate\\Database\\Migrations\\Migrator->runUp()
#11 /opt/lampp/htdocs/sympleimmunesystem/vendor/laravel/framework/src/Illuminate/Database/Migrations/Migrator.php(112): Illuminate\\Database\\Migrations\\Migrator->runPending()
#12 /opt/lampp/htdocs/sympleimmunesystem/vendor/laravel/framework/src/Illuminate/Database/Console/Migrations/MigrateCommand.php(85): Illuminate\\Database\\Migrations\\Migrator->run()
#13 /opt/lampp/htdocs/sympleimmunesystem/vendor/laravel/framework/src/Illuminate/Database/Migrations/Migrator.php(606): Illuminate\\Database\\Console\\Migrations\\MigrateCommand->Illuminate\\Database\\Console\\Migrations\\{closure}()
#14 /opt/lampp/htdocs/sympleimmunesystem/vendor/laravel/framework/src/Illuminate/Database/Console/Migrations/MigrateCommand.php(94): Illuminate\\Database\\Migrations\\Migrator->usingConnection()
#15 /opt/lampp/htdocs/sympleimmunesystem/vendor/laravel/framework/src/Illuminate/Container/BoundMethod.php(36): Illuminate\\Database\\Console\\Migrations\\MigrateCommand->handle()
#16 /opt/lampp/htdocs/sympleimmunesystem/vendor/laravel/framework/src/Illuminate/Container/Util.php(40): Illuminate\\Container\\BoundMethod::Illuminate\\Container\\{closure}()
#17 /opt/lampp/htdocs/sympleimmunesystem/vendor/laravel/framework/src/Illuminate/Container/BoundMethod.php(93): Illuminate\\Container\\Util::unwrapIfClosure()
#18 /opt/lampp/htdocs/sympleimmunesystem/vendor/laravel/framework/src/Illuminate/Container/BoundMethod.php(37): Illuminate\\Container\\BoundMethod::callBoundMethod()
#19 /opt/lampp/htdocs/sympleimmunesystem/vendor/laravel/framework/src/Illuminate/Container/Container.php(653): Illuminate\\Container\\BoundMethod::call()
#20 /opt/lampp/htdocs/sympleimmunesystem/vendor/laravel/framework/src/Illuminate/Console/Command.php(136): Illuminate\\Container\\Container->call()
#21 /opt/lampp/htdocs/sympleimmunesystem/vendor/symfony/console/Command/Command.php(298): Illuminate\\Console\\Command->execute()
#22 /opt/lampp/htdocs/sympleimmunesystem/vendor/laravel/framework/src/Illuminate/Console/Command.php(121): Symfony\\Component\\Console\\Command\\Command->run()
#23 /opt/lampp/htdocs/sympleimmunesystem/vendor/laravel/framework/src/Illuminate/Console/Concerns/CallsCommands.php(68): Illuminate\\Console\\Command->run()
#24 /opt/lampp/htdocs/sympleimmunesystem/vendor/laravel/framework/src/Illuminate/Console/Concerns/CallsCommands.php(28): Illuminate\\Console\\Command->runCommand()
#25 /opt/lampp/htdocs/sympleimmunesystem/vendor/laravel/framework/src/Illuminate/Database/Console/Migrations/FreshCommand.php(55): Illuminate\\Console\\Command->call()
#26 /opt/lampp/htdocs/sympleimmunesystem/vendor/laravel/framework/src/Illuminate/Container/BoundMethod.php(36): Illuminate\\Database\\Console\\Migrations\\FreshCommand->handle()
#27 /opt/lampp/htdocs/sympleimmunesystem/vendor/laravel/framework/src/Illuminate/Container/Util.php(40): Illuminate\\Container\\BoundMethod::Illuminate\\Container\\{closure}()
#28 /opt/lampp/htdocs/sympleimmunesystem/vendor/laravel/framework/src/Illuminate/Container/BoundMethod.php(93): Illuminate\\Container\\Util::unwrapIfClosure()
#29 /opt/lampp/htdocs/sympleimmunesystem/vendor/laravel/framework/src/Illuminate/Container/BoundMethod.php(37): Illuminate\\Container\\BoundMethod::callBoundMethod()
#30 /opt/lampp/htdocs/sympleimmunesystem/vendor/laravel/framework/src/Illuminate/Container/Container.php(653): Illuminate\\Container\\BoundMethod::call()
#31 /opt/lampp/htdocs/sympleimmunesystem/vendor/laravel/framework/src/Illuminate/Console/Command.php(136): Illuminate\\Container\\Container->call()
#32 /opt/lampp/htdocs/sympleimmunesystem/vendor/symfony/console/Command/Command.php(298): Illuminate\\Console\\Command->execute()
#33 /opt/lampp/htdocs/sympleimmunesystem/vendor/laravel/framework/src/Illuminate/Console/Command.php(121): Symfony\\Component\\Console\\Command\\Command->run()
#34 /opt/lampp/htdocs/sympleimmunesystem/vendor/symfony/console/Application.php(1015): Illuminate\\Console\\Command->run()
#35 /opt/lampp/htdocs/sympleimmunesystem/vendor/symfony/console/Application.php(299): Symfony\\Component\\Console\\Application->doRunCommand()
#36 /opt/lampp/htdocs/sympleimmunesystem/vendor/symfony/console/Application.php(171): Symfony\\Component\\Console\\Application->doRun()
#37 /opt/lampp/htdocs/sympleimmunesystem/vendor/laravel/framework/src/Illuminate/Console/Application.php(94): Symfony\\Component\\Console\\Application->run()
#38 /opt/lampp/htdocs/sympleimmunesystem/vendor/laravel/framework/src/Illuminate/Foundation/Console/Kernel.php(129): Illuminate\\Console\\Application->run()
#39 /opt/lampp/htdocs/sympleimmunesystem/artisan(37): Illuminate\\Foundation\\Console\\Kernel->handle()
#40 {main}
"} 
